[0.025s] Invoking command in '/home/ros_user/ros2_ws/build/gazebo_ros2_control_demos': AMENT_PREFIX_PATH=/home/ros_user/ros2_ws/install/velocity_controllers:/home/ros_user/ros2_ws/install/joint_trajectory_controller:/home/ros_user/ros2_ws/install/joint_state_controller:/home/ros_user/ros2_ws/install/gazebo_ros2_control:/home/ros_user/ros2_ws/install/forward_command_controller:/home/ros_user/ros2_ws/install/controller_manager:/home/ros_user/ros2_ws/install/transmission_interface:/home/ros_user/ros2_ws/install/joint_limits_interface:/home/ros_user/ros2_ws/install/controller_interface:/home/ros_user/ros2_ws/install/hardware_interface:/home/ros_user/ros2_ws/install/controller_manager_msgs:${AMENT_PREFIX_PATH} CMAKE_PREFIX_PATH=/home/ros_user/ros2_ws/install/velocity_controllers:/home/ros_user/ros2_ws/install/joint_trajectory_controller:/home/ros_user/ros2_ws/install/joint_state_controller:/home/ros_user/ros2_ws/install/gazebo_ros2_control:/home/ros_user/ros2_ws/install/forward_command_controller:/home/ros_user/ros2_ws/install/controller_manager:/home/ros_user/ros2_ws/install/transmission_interface:/home/ros_user/ros2_ws/install/joint_limits_interface:/home/ros_user/ros2_ws/install/controller_interface:/home/ros_user/ros2_ws/install/hardware_interface:/home/ros_user/ros2_ws/install/controller_manager_msgs:/home/ros_user/ros2_ws/install/ros2_course:/opt/ros/foxy LD_LIBRARY_PATH=/home/ros_user/ros2_ws/install/velocity_controllers/lib:/home/ros_user/ros2_ws/install/joint_trajectory_controller/lib:/home/ros_user/ros2_ws/install/joint_state_controller/lib:/home/ros_user/ros2_ws/install/gazebo_ros2_control/lib:/home/ros_user/ros2_ws/install/forward_command_controller/lib:/home/ros_user/ros2_ws/install/controller_manager/lib:/home/ros_user/ros2_ws/install/transmission_interface/lib:/home/ros_user/ros2_ws/install/controller_interface/lib:/home/ros_user/ros2_ws/install/hardware_interface/lib:/home/ros_user/ros2_ws/install/controller_manager_msgs/lib:${LD_LIBRARY_PATH} PYTHONPATH=/home/ros_user/ros2_ws/install/controller_manager_msgs/lib/python3.8/site-packages:${PYTHONPATH} /usr/bin/cmake /home/ros_user/ros2_ws/src/gazebo_ros2_control/gazebo_ros2_control_demos -DCMAKE_EXPORT_COMPILE_COMMANDS=ON -DAMENT_CMAKE_SYMLINK_INSTALL=1 -DCMAKE_INSTALL_PREFIX=/home/ros_user/ros2_ws/install/gazebo_ros2_control_demos
[0.066s] -- The C compiler identification is GNU 9.4.0
[0.101s] -- The CXX compiler identification is GNU 9.4.0
[0.104s] -- Check for working C compiler: /usr/bin/cc
[0.151s] -- Check for working C compiler: /usr/bin/cc -- works
[0.152s] -- Detecting C compiler ABI info
[0.196s] -- Detecting C compiler ABI info - done
[0.203s] -- Detecting C compile features
[0.203s] -- Detecting C compile features - done
[0.205s] -- Check for working CXX compiler: /usr/bin/c++
[0.257s] -- Check for working CXX compiler: /usr/bin/c++ -- works
[0.258s] -- Detecting CXX compiler ABI info
[0.315s] -- Detecting CXX compiler ABI info - done
[0.319s] -- Detecting CXX compile features
[0.320s] -- Detecting CXX compile features - done
[0.323s] -- Found ament_cmake: 0.9.11 (/opt/ros/foxy/share/ament_cmake/cmake)
[0.344s] -- Found PythonInterp: /usr/bin/python3 (found suitable version "3.8.10", minimum required is "3") 
[0.344s] -- Using PYTHON_EXECUTABLE: /usr/bin/python3
[0.474s] -- Override CMake install command with custom implementation using symlinks instead of copying resources
[0.502s] -- Found control_msgs: 2.5.1 (/opt/ros/foxy/share/control_msgs/cmake)
[0.528s] -- Using all available rosidl_typesupport_c: rosidl_typesupport_fastrtps_c;rosidl_typesupport_introspection_c
[0.534s] -- Found rosidl_adapter: 1.3.0 (/opt/ros/foxy/share/rosidl_adapter/cmake)
[0.593s] -- Found OpenSSL: /usr/lib/x86_64-linux-gnu/libcrypto.so (found version "1.1.1f")  
[0.614s] -- Found FastRTPS: /opt/ros/foxy/include  
[0.674s] -- Using all available rosidl_typesupport_cpp: rosidl_typesupport_fastrtps_cpp;rosidl_typesupport_introspection_cpp
[0.996s] -- Found rclcpp: 2.4.2 (/opt/ros/foxy/share/rclcpp/cmake)
[1.030s] -- Found rmw_implementation_cmake: 1.0.3 (/opt/ros/foxy/share/rmw_implementation_cmake/cmake)
[1.031s] -- Using RMW implementation 'rmw_fastrtps_cpp' as default
[1.032s] -- Looking for pthread.h
[1.079s] -- Looking for pthread.h - found
[1.080s] -- Performing Test CMAKE_HAVE_LIBC_PTHREAD
[1.129s] -- Performing Test CMAKE_HAVE_LIBC_PTHREAD - Failed
[1.129s] -- Looking for pthread_create in pthreads
[1.168s] -- Looking for pthread_create in pthreads - not found
[1.168s] -- Looking for pthread_create in pthread
[1.215s] -- Looking for pthread_create in pthread - found
[1.216s] -- Found Threads: TRUE  
[1.321s] -- Found rclcpp_action: 2.4.2 (/opt/ros/foxy/share/rclcpp_action/cmake)
[1.352s] -- Found ament_cmake_gtest: 0.9.11 (/opt/ros/foxy/share/ament_cmake_gtest/cmake)
[1.353s] -- Found ament_lint_auto: 0.9.7 (/opt/ros/foxy/share/ament_lint_auto/cmake)
[1.416s] -- Added test 'copyright' to check source files copyright and LICENSE
[1.417s] -- Added test 'cppcheck' to perform static code analysis on C / C++ code
[1.417s] -- Configured cppcheck include dirs: 
[1.417s] -- Configured cppcheck exclude dirs and/or files: 
[1.418s] -- Added test 'cpplint' to check C / C++ code against the Google style
[1.418s] -- Configured cpplint exclude dirs and/or files: 
[1.418s] -- Added test 'flake8' to check Python code syntax and style conventions
[1.419s] -- Added test 'lint_cmake' to check CMake code style
[1.419s] -- Added test 'pep257' to check Python code against some of the style conventions in PEP 257
[1.420s] -- Added test 'uncrustify' to check C / C++ code style
[1.420s] -- Configured uncrustify additional arguments: 
[1.420s] -- Added test 'xmllint' to check XML markup files
[1.423s] -- Configuring done
[1.431s] -- Generating done
[1.432s] -- Build files have been written to: /home/ros_user/ros2_ws/build/gazebo_ros2_control_demos
[1.438s] Invoked command in '/home/ros_user/ros2_ws/build/gazebo_ros2_control_demos' returned '0': AMENT_PREFIX_PATH=/home/ros_user/ros2_ws/install/velocity_controllers:/home/ros_user/ros2_ws/install/joint_trajectory_controller:/home/ros_user/ros2_ws/install/joint_state_controller:/home/ros_user/ros2_ws/install/gazebo_ros2_control:/home/ros_user/ros2_ws/install/forward_command_controller:/home/ros_user/ros2_ws/install/controller_manager:/home/ros_user/ros2_ws/install/transmission_interface:/home/ros_user/ros2_ws/install/joint_limits_interface:/home/ros_user/ros2_ws/install/controller_interface:/home/ros_user/ros2_ws/install/hardware_interface:/home/ros_user/ros2_ws/install/controller_manager_msgs:${AMENT_PREFIX_PATH} CMAKE_PREFIX_PATH=/home/ros_user/ros2_ws/install/velocity_controllers:/home/ros_user/ros2_ws/install/joint_trajectory_controller:/home/ros_user/ros2_ws/install/joint_state_controller:/home/ros_user/ros2_ws/install/gazebo_ros2_control:/home/ros_user/ros2_ws/install/forward_command_controller:/home/ros_user/ros2_ws/install/controller_manager:/home/ros_user/ros2_ws/install/transmission_interface:/home/ros_user/ros2_ws/install/joint_limits_interface:/home/ros_user/ros2_ws/install/controller_interface:/home/ros_user/ros2_ws/install/hardware_interface:/home/ros_user/ros2_ws/install/controller_manager_msgs:/home/ros_user/ros2_ws/install/ros2_course:/opt/ros/foxy LD_LIBRARY_PATH=/home/ros_user/ros2_ws/install/velocity_controllers/lib:/home/ros_user/ros2_ws/install/joint_trajectory_controller/lib:/home/ros_user/ros2_ws/install/joint_state_controller/lib:/home/ros_user/ros2_ws/install/gazebo_ros2_control/lib:/home/ros_user/ros2_ws/install/forward_command_controller/lib:/home/ros_user/ros2_ws/install/controller_manager/lib:/home/ros_user/ros2_ws/install/transmission_interface/lib:/home/ros_user/ros2_ws/install/controller_interface/lib:/home/ros_user/ros2_ws/install/hardware_interface/lib:/home/ros_user/ros2_ws/install/controller_manager_msgs/lib:${LD_LIBRARY_PATH} PYTHONPATH=/home/ros_user/ros2_ws/install/controller_manager_msgs/lib/python3.8/site-packages:${PYTHONPATH} /usr/bin/cmake /home/ros_user/ros2_ws/src/gazebo_ros2_control/gazebo_ros2_control_demos -DCMAKE_EXPORT_COMPILE_COMMANDS=ON -DAMENT_CMAKE_SYMLINK_INSTALL=1 -DCMAKE_INSTALL_PREFIX=/home/ros_user/ros2_ws/install/gazebo_ros2_control_demos
[1.440s] Invoking command in '/home/ros_user/ros2_ws/build/gazebo_ros2_control_demos': AMENT_PREFIX_PATH=/home/ros_user/ros2_ws/install/velocity_controllers:/home/ros_user/ros2_ws/install/joint_trajectory_controller:/home/ros_user/ros2_ws/install/joint_state_controller:/home/ros_user/ros2_ws/install/gazebo_ros2_control:/home/ros_user/ros2_ws/install/forward_command_controller:/home/ros_user/ros2_ws/install/controller_manager:/home/ros_user/ros2_ws/install/transmission_interface:/home/ros_user/ros2_ws/install/joint_limits_interface:/home/ros_user/ros2_ws/install/controller_interface:/home/ros_user/ros2_ws/install/hardware_interface:/home/ros_user/ros2_ws/install/controller_manager_msgs:${AMENT_PREFIX_PATH} CMAKE_PREFIX_PATH=/home/ros_user/ros2_ws/install/velocity_controllers:/home/ros_user/ros2_ws/install/joint_trajectory_controller:/home/ros_user/ros2_ws/install/joint_state_controller:/home/ros_user/ros2_ws/install/gazebo_ros2_control:/home/ros_user/ros2_ws/install/forward_command_controller:/home/ros_user/ros2_ws/install/controller_manager:/home/ros_user/ros2_ws/install/transmission_interface:/home/ros_user/ros2_ws/install/joint_limits_interface:/home/ros_user/ros2_ws/install/controller_interface:/home/ros_user/ros2_ws/install/hardware_interface:/home/ros_user/ros2_ws/install/controller_manager_msgs:/home/ros_user/ros2_ws/install/ros2_course:/opt/ros/foxy LD_LIBRARY_PATH=/home/ros_user/ros2_ws/install/velocity_controllers/lib:/home/ros_user/ros2_ws/install/joint_trajectory_controller/lib:/home/ros_user/ros2_ws/install/joint_state_controller/lib:/home/ros_user/ros2_ws/install/gazebo_ros2_control/lib:/home/ros_user/ros2_ws/install/forward_command_controller/lib:/home/ros_user/ros2_ws/install/controller_manager/lib:/home/ros_user/ros2_ws/install/transmission_interface/lib:/home/ros_user/ros2_ws/install/controller_interface/lib:/home/ros_user/ros2_ws/install/hardware_interface/lib:/home/ros_user/ros2_ws/install/controller_manager_msgs/lib:${LD_LIBRARY_PATH} PYTHONPATH=/home/ros_user/ros2_ws/install/controller_manager_msgs/lib/python3.8/site-packages:${PYTHONPATH} /usr/bin/cmake --build /home/ros_user/ros2_ws/build/gazebo_ros2_control_demos -- -j4 -l4
[1.468s] [35m[1mScanning dependencies of target example_velocity[0m
[1.489s] [ 25%] [32mBuilding CXX object CMakeFiles/example_velocity.dir/examples/example_velocity.cpp.o[0m
[3.633s] [ 50%] [32m[1mLinking CXX executable example_velocity[0m
[3.722s] [ 50%] Built target example_velocity
[3.729s] [35m[1mScanning dependencies of target example_position[0m
[3.754s] [ 75%] [32mBuilding CXX object CMakeFiles/example_position.dir/examples/example_position.cpp.o[0m
[5.333s] make[2]: *** [CMakeFiles/example_position.dir/build.make:63: CMakeFiles/example_position.dir/examples/example_position.cpp.o] Interrupt
[5.333s] make[1]: *** [CMakeFiles/Makefile2:107: CMakeFiles/example_position.dir/all] Interrupt
[5.333s] make: *** [Makefile:141: all] Interrupt
[5.342s] Invoked command in '/home/ros_user/ros2_ws/build/gazebo_ros2_control_demos' returned '-2': AMENT_PREFIX_PATH=/home/ros_user/ros2_ws/install/velocity_controllers:/home/ros_user/ros2_ws/install/joint_trajectory_controller:/home/ros_user/ros2_ws/install/joint_state_controller:/home/ros_user/ros2_ws/install/gazebo_ros2_control:/home/ros_user/ros2_ws/install/forward_command_controller:/home/ros_user/ros2_ws/install/controller_manager:/home/ros_user/ros2_ws/install/transmission_interface:/home/ros_user/ros2_ws/install/joint_limits_interface:/home/ros_user/ros2_ws/install/controller_interface:/home/ros_user/ros2_ws/install/hardware_interface:/home/ros_user/ros2_ws/install/controller_manager_msgs:${AMENT_PREFIX_PATH} CMAKE_PREFIX_PATH=/home/ros_user/ros2_ws/install/velocity_controllers:/home/ros_user/ros2_ws/install/joint_trajectory_controller:/home/ros_user/ros2_ws/install/joint_state_controller:/home/ros_user/ros2_ws/install/gazebo_ros2_control:/home/ros_user/ros2_ws/install/forward_command_controller:/home/ros_user/ros2_ws/install/controller_manager:/home/ros_user/ros2_ws/install/transmission_interface:/home/ros_user/ros2_ws/install/joint_limits_interface:/home/ros_user/ros2_ws/install/controller_interface:/home/ros_user/ros2_ws/install/hardware_interface:/home/ros_user/ros2_ws/install/controller_manager_msgs:/home/ros_user/ros2_ws/install/ros2_course:/opt/ros/foxy LD_LIBRARY_PATH=/home/ros_user/ros2_ws/install/velocity_controllers/lib:/home/ros_user/ros2_ws/install/joint_trajectory_controller/lib:/home/ros_user/ros2_ws/install/joint_state_controller/lib:/home/ros_user/ros2_ws/install/gazebo_ros2_control/lib:/home/ros_user/ros2_ws/install/forward_command_controller/lib:/home/ros_user/ros2_ws/install/controller_manager/lib:/home/ros_user/ros2_ws/install/transmission_interface/lib:/home/ros_user/ros2_ws/install/controller_interface/lib:/home/ros_user/ros2_ws/install/hardware_interface/lib:/home/ros_user/ros2_ws/install/controller_manager_msgs/lib:${LD_LIBRARY_PATH} PYTHONPATH=/home/ros_user/ros2_ws/install/controller_manager_msgs/lib/python3.8/site-packages:${PYTHONPATH} /usr/bin/cmake --build /home/ros_user/ros2_ws/build/gazebo_ros2_control_demos -- -j4 -l4
